<?xml version="1.0" encoding="UTF-8"?>
<testsuite name="1:N 관계에서 N에서 LAZY Loading 을 사용할 때 발생하는 N+1 문제를 확인합니다." tests="1" skipped="0" failures="0" errors="0" timestamp="2023-12-05T13:46:17" hostname="itaeyun-ui-MacBookAir.local" time="0.371">
  <properties/>
  <testcase name="JPA_OneToMany_Lazy_Loading_Test1()" classname="com.example.demo.JPA_OneToMany_Lazy_Loading_Test1" time="0.371"/>
  <system-out><![CDATA[22:46:14.526 [Test worker] DEBUG org.springframework.test.context.BootstrapUtils - Instantiating CacheAwareContextLoaderDelegate from class [org.springframework.test.context.cache.DefaultCacheAwareContextLoaderDelegate]
22:46:14.537 [Test worker] DEBUG org.springframework.test.context.BootstrapUtils - Instantiating BootstrapContext using constructor [public org.springframework.test.context.support.DefaultBootstrapContext(java.lang.Class,org.springframework.test.context.CacheAwareContextLoaderDelegate)]
22:46:14.564 [Test worker] DEBUG org.springframework.test.context.BootstrapUtils - Instantiating TestContextBootstrapper for test class [com.example.demo.JPA_OneToMany_Lazy_Loading_Test1] from class [org.springframework.boot.test.context.SpringBootTestContextBootstrapper]
22:46:14.573 [Test worker] INFO org.springframework.boot.test.context.SpringBootTestContextBootstrapper - Neither @ContextConfiguration nor @ContextHierarchy found for test class [com.example.demo.JPA_OneToMany_Lazy_Loading_Test1], using SpringBootContextLoader
22:46:14.576 [Test worker] DEBUG org.springframework.test.context.support.AbstractContextLoader - Did not detect default resource location for test class [com.example.demo.JPA_OneToMany_Lazy_Loading_Test1]: class path resource [com/example/demo/JPA_OneToMany_Lazy_Loading_Test1-context.xml] does not exist
22:46:14.577 [Test worker] DEBUG org.springframework.test.context.support.AbstractContextLoader - Did not detect default resource location for test class [com.example.demo.JPA_OneToMany_Lazy_Loading_Test1]: class path resource [com/example/demo/JPA_OneToMany_Lazy_Loading_Test1Context.groovy] does not exist
22:46:14.577 [Test worker] INFO org.springframework.test.context.support.AbstractContextLoader - Could not detect default resource locations for test class [com.example.demo.JPA_OneToMany_Lazy_Loading_Test1]: no resource found for suffixes {-context.xml, Context.groovy}.
22:46:14.577 [Test worker] INFO org.springframework.test.context.support.AnnotationConfigContextLoaderUtils - Could not detect default configuration classes for test class [com.example.demo.JPA_OneToMany_Lazy_Loading_Test1]: JPA_OneToMany_Lazy_Loading_Test1 does not declare any static, non-private, non-final, nested classes annotated with @Configuration.
22:46:14.603 [Test worker] DEBUG org.springframework.test.context.support.ActiveProfilesUtils - Could not find an 'annotation declaring class' for annotation type [org.springframework.test.context.ActiveProfiles] and class [com.example.demo.JPA_OneToMany_Lazy_Loading_Test1]
22:46:14.644 [Test worker] DEBUG org.springframework.context.annotation.ClassPathScanningCandidateComponentProvider - Identified candidate component class: file [/Users/taeyun/Desktop/jpa_n+1_isuue/build/classes/java/main/com/example/demo/DemoApplication.class]
22:46:14.644 [Test worker] INFO org.springframework.boot.test.context.SpringBootTestContextBootstrapper - Found @SpringBootConfiguration com.example.demo.DemoApplication for test class com.example.demo.JPA_OneToMany_Lazy_Loading_Test1
22:46:14.717 [Test worker] DEBUG org.springframework.boot.test.context.SpringBootTestContextBootstrapper - @TestExecutionListeners is not present for class [com.example.demo.JPA_OneToMany_Lazy_Loading_Test1]: using defaults.
22:46:14.718 [Test worker] INFO org.springframework.boot.test.context.SpringBootTestContextBootstrapper - Loaded default TestExecutionListener class names from location [META-INF/spring.factories]: [org.springframework.security.test.context.support.WithSecurityContextTestExecutionListener, org.springframework.security.test.context.support.ReactorContextTestExecutionListener, org.springframework.boot.test.autoconfigure.restdocs.RestDocsTestExecutionListener, org.springframework.boot.test.autoconfigure.web.client.MockRestServiceServerResetTestExecutionListener, org.springframework.boot.test.autoconfigure.web.servlet.MockMvcPrintOnlyOnFailureTestExecutionListener, org.springframework.boot.test.autoconfigure.web.servlet.WebDriverTestExecutionListener, org.springframework.boot.test.autoconfigure.webservices.client.MockWebServiceServerTestExecutionListener, org.springframework.boot.test.mock.mockito.MockitoTestExecutionListener, org.springframework.boot.test.mock.mockito.ResetMocksTestExecutionListener, org.springframework.test.context.web.ServletTestExecutionListener, org.springframework.test.context.support.DirtiesContextBeforeModesTestExecutionListener, org.springframework.test.context.event.ApplicationEventsTestExecutionListener, org.springframework.test.context.support.DependencyInjectionTestExecutionListener, org.springframework.test.context.support.DirtiesContextTestExecutionListener, org.springframework.test.context.transaction.TransactionalTestExecutionListener, org.springframework.test.context.jdbc.SqlScriptsTestExecutionListener, org.springframework.test.context.event.EventPublishingTestExecutionListener]
22:46:14.732 [Test worker] INFO org.springframework.boot.test.context.SpringBootTestContextBootstrapper - Using TestExecutionListeners: [org.springframework.test.context.web.ServletTestExecutionListener@663f237a, org.springframework.test.context.support.DirtiesContextBeforeModesTestExecutionListener@5d7399f9, org.springframework.test.context.event.ApplicationEventsTestExecutionListener@49a6f486, org.springframework.boot.test.mock.mockito.MockitoTestExecutionListener@14fded9d, org.springframework.boot.test.autoconfigure.SpringBootDependencyInjectionTestExecutionListener@bc6288b, org.springframework.test.context.support.DirtiesContextTestExecutionListener@4a3bd45b, org.springframework.test.context.transaction.TransactionalTestExecutionListener@34c70b5e, org.springframework.test.context.jdbc.SqlScriptsTestExecutionListener@4f2d995e, org.springframework.security.test.context.support.WithSecurityContextTestExecutionListener@75156240, org.springframework.test.context.event.EventPublishingTestExecutionListener@6198e9b5, org.springframework.security.test.context.support.ReactorContextTestExecutionListener@6d099323, org.springframework.boot.test.autoconfigure.restdocs.RestDocsTestExecutionListener@4ecd00b5, org.springframework.boot.test.autoconfigure.web.client.MockRestServiceServerResetTestExecutionListener@10947c4e, org.springframework.boot.test.autoconfigure.web.servlet.MockMvcPrintOnlyOnFailureTestExecutionListener@3667faa8, org.springframework.boot.test.autoconfigure.web.servlet.WebDriverTestExecutionListener@1756f7cc, org.springframework.boot.test.autoconfigure.webservices.client.MockWebServiceServerTestExecutionListener@3138953b, org.springframework.boot.test.mock.mockito.ResetMocksTestExecutionListener@27df95e]
22:46:14.734 [Test worker] DEBUG org.springframework.test.context.support.AbstractDirtiesContextTestExecutionListener - Before test class: context [DefaultTestContext@56e9a474 testClass = JPA_OneToMany_Lazy_Loading_Test1, testInstance = [null], testMethod = [null], testException = [null], mergedContextConfiguration = [WebMergedContextConfiguration@45b15381 testClass = JPA_OneToMany_Lazy_Loading_Test1, locations = '{}', classes = '{class com.example.demo.DemoApplication}', contextInitializerClasses = '[]', activeProfiles = '{}', propertySourceLocations = '{}', propertySourceProperties = '{org.springframework.boot.test.context.SpringBootTestContextBootstrapper=true}', contextCustomizers = set[org.springframework.boot.test.autoconfigure.actuate.metrics.MetricsExportContextCustomizerFactory$DisableMetricExportContextCustomizer@f4c0e4e, org.springframework.boot.test.autoconfigure.properties.PropertyMappingContextCustomizer@0, org.springframework.boot.test.autoconfigure.web.servlet.WebDriverContextCustomizerFactory$Customizer@58e92c23, org.springframework.boot.test.context.filter.ExcludeFilterContextCustomizer@5782d777, org.springframework.boot.test.json.DuplicateJsonObjectContextCustomizerFactory$DuplicateJsonObjectContextCustomizer@50acf55d, org.springframework.boot.test.mock.mockito.MockitoContextCustomizer@0, org.springframework.boot.test.web.client.TestRestTemplateContextCustomizer@5b498842, org.springframework.boot.test.context.SpringBootTestArgs@1, org.springframework.boot.test.context.SpringBootTestWebEnvironment@40f1be1b], resourceBasePath = 'src/main/webapp', contextLoader = 'org.springframework.boot.test.context.SpringBootContextLoader', parent = [null]], attributes = map['org.springframework.test.context.web.ServletTestExecutionListener.activateListener' -> true]], class annotated with @DirtiesContext [false] with mode [null].

  .   ____          _            __ _ _
 /\\ / ___'_ __ _ _(_)_ __  __ _ \ \ \ \
( ( )\___ | '_ | '_| | '_ \/ _` | \ \ \ \
 \\/  ___)| |_)| | | | | || (_| |  ) ) ) )
  '  |____| .__|_| |_|_| |_\__, | / / / /
 =========|_|==============|___/=/_/_/_/
 :: Spring Boot ::      (v2.7.15-SNAPSHOT)

2023-12-05 22:46:14.943  INFO 75033 --- [    Test worker] c.e.d.JPA_OneToMany_Lazy_Loading_Test1   : Starting JPA_OneToMany_Lazy_Loading_Test1 using Java 17.0.4.1 on itaeyun-ui-MacBookAir.local with PID 75033 (started by taeyun in /Users/taeyun/Desktop/jpa_n+1_isuue)
2023-12-05 22:46:14.943  INFO 75033 --- [    Test worker] c.e.d.JPA_OneToMany_Lazy_Loading_Test1   : No active profile set, falling back to 1 default profile: "default"
2023-12-05 22:46:15.425  INFO 75033 --- [    Test worker] .s.d.r.c.RepositoryConfigurationDelegate : Bootstrapping Spring Data JPA repositories in DEFAULT mode.
2023-12-05 22:46:15.519  INFO 75033 --- [    Test worker] .s.d.r.c.RepositoryConfigurationDelegate : Finished Spring Data repository scanning in 90 ms. Found 3 JPA repository interfaces.
2023-12-05 22:46:15.870  INFO 75033 --- [    Test worker] o.hibernate.jpa.internal.util.LogHelper  : HHH000204: Processing PersistenceUnitInfo [name: default]
2023-12-05 22:46:15.918  INFO 75033 --- [    Test worker] org.hibernate.Version                    : HHH000412: Hibernate ORM core version 5.6.15.Final
2023-12-05 22:46:16.018  INFO 75033 --- [    Test worker] o.hibernate.annotations.common.Version   : HCANN000001: Hibernate Commons Annotations {5.1.2.Final}
2023-12-05 22:46:16.083  INFO 75033 --- [    Test worker] com.zaxxer.hikari.HikariDataSource       : HikariPool-1 - Starting...
2023-12-05 22:46:16.173  INFO 75033 --- [    Test worker] com.zaxxer.hikari.HikariDataSource       : HikariPool-1 - Start completed.
2023-12-05 22:46:16.200  INFO 75033 --- [    Test worker] org.hibernate.dialect.Dialect            : HHH000400: Using dialect: org.hibernate.dialect.MariaDB53Dialect
Hibernate: alter table comments drop foreign key FK8omq0tc18jd43bu5tjh6jvraq
Hibernate: alter table posts drop foreign key FK5lidm6cqbc7u4xhqpxm898qme
Hibernate: drop table if exists comments
Hibernate: drop table if exists hibernate_sequence
Hibernate: drop table if exists posts
Hibernate: drop table if exists users
Hibernate: create table comments (id bigint not null, text varchar(255), user_id bigint, primary key (id)) engine=InnoDB
Hibernate: create table hibernate_sequence (next_val bigint) engine=InnoDB
Hibernate: insert into hibernate_sequence values ( 1 )
Hibernate: create table posts (id bigint not null, content varchar(255), title varchar(255), user_id bigint, primary key (id)) engine=InnoDB
Hibernate: create table users (id bigint not null, email varchar(255), name varchar(255), nickname varchar(255), password varchar(255), primary key (id)) engine=InnoDB
Hibernate: alter table comments add constraint FK8omq0tc18jd43bu5tjh6jvraq foreign key (user_id) references users (id)
Hibernate: alter table posts add constraint FK5lidm6cqbc7u4xhqpxm898qme foreign key (user_id) references users (id)
2023-12-05 22:46:16.689  INFO 75033 --- [    Test worker] o.h.e.t.j.p.i.JtaPlatformInitiator       : HHH000490: Using JtaPlatform implementation: [org.hibernate.engine.transaction.jta.platform.internal.NoJtaPlatform]
2023-12-05 22:46:16.698  INFO 75033 --- [    Test worker] j.LocalContainerEntityManagerFactoryBean : Initialized JPA EntityManagerFactory for persistence unit 'default'
2023-12-05 22:46:16.825  WARN 75033 --- [    Test worker] JpaBaseConfiguration$JpaWebConfiguration : spring.jpa.open-in-view is enabled by default. Therefore, database queries may be performed during view rendering. Explicitly configure spring.jpa.open-in-view to disable this warning
2023-12-05 22:46:17.361  WARN 75033 --- [    Test worker] .s.s.UserDetailsServiceAutoConfiguration : 

Using generated security password: 257d31fe-2593-4b73-8e6d-afc3f559d39a

This generated password is for development use only. Your security configuration must be updated before running your application in production.

2023-12-05 22:46:17.457  INFO 75033 --- [    Test worker] o.s.s.web.DefaultSecurityFilterChain     : Will secure any request with [org.springframework.security.web.session.DisableEncodeUrlFilter@9af31c1, org.springframework.security.web.context.request.async.WebAsyncManagerIntegrationFilter@6f0bae12, org.springframework.security.web.context.SecurityContextPersistenceFilter@5cecbd49, org.springframework.security.web.header.HeaderWriterFilter@49eaabdb, org.springframework.security.web.csrf.CsrfFilter@4e5f4756, org.springframework.security.web.authentication.logout.LogoutFilter@6210d7de, org.springframework.security.web.authentication.UsernamePasswordAuthenticationFilter@702bb00f, org.springframework.security.web.authentication.ui.DefaultLoginPageGeneratingFilter@642ac8fe, org.springframework.security.web.authentication.ui.DefaultLogoutPageGeneratingFilter@b5e736c, org.springframework.security.web.authentication.www.BasicAuthenticationFilter@5e271caa, org.springframework.security.web.savedrequest.RequestCacheAwareFilter@68628047, org.springframework.security.web.servletapi.SecurityContextHolderAwareRequestFilter@51dd6ef7, org.springframework.security.web.authentication.AnonymousAuthenticationFilter@2d0dbf29, org.springframework.security.web.session.SessionManagementFilter@5d9bc878, org.springframework.security.web.access.ExceptionTranslationFilter@25061517, org.springframework.security.web.access.intercept.FilterSecurityInterceptor@34978929]
2023-12-05 22:46:17.595  INFO 75033 --- [    Test worker] c.e.d.JPA_OneToMany_Lazy_Loading_Test1   : Started JPA_OneToMany_Lazy_Loading_Test1 in 2.835 seconds (JVM running for 3.735)
2023-12-05 22:46:17.615  INFO 75033 --- [    Test worker] o.s.t.c.transaction.TransactionContext   : Began transaction (1) for test context [DefaultTestContext@56e9a474 testClass = JPA_OneToMany_Lazy_Loading_Test1, testInstance = com.example.demo.JPA_OneToMany_Lazy_Loading_Test1@c20fbe0, testMethod = JPA_OneToMany_Lazy_Loading_Test1@JPA_OneToMany_Lazy_Loading_Test1, testException = [null], mergedContextConfiguration = [WebMergedContextConfiguration@45b15381 testClass = JPA_OneToMany_Lazy_Loading_Test1, locations = '{}', classes = '{class com.example.demo.DemoApplication}', contextInitializerClasses = '[]', activeProfiles = '{}', propertySourceLocations = '{}', propertySourceProperties = '{org.springframework.boot.test.context.SpringBootTestContextBootstrapper=true}', contextCustomizers = set[org.springframework.boot.test.autoconfigure.actuate.metrics.MetricsExportContextCustomizerFactory$DisableMetricExportContextCustomizer@f4c0e4e, org.springframework.boot.test.autoconfigure.properties.PropertyMappingContextCustomizer@0, org.springframework.boot.test.autoconfigure.web.servlet.WebDriverContextCustomizerFactory$Customizer@58e92c23, org.springframework.boot.test.context.filter.ExcludeFilterContextCustomizer@5782d777, org.springframework.boot.test.json.DuplicateJsonObjectContextCustomizerFactory$DuplicateJsonObjectContextCustomizer@50acf55d, org.springframework.boot.test.mock.mockito.MockitoContextCustomizer@0, org.springframework.boot.test.web.client.TestRestTemplateContextCustomizer@5b498842, org.springframework.boot.test.context.SpringBootTestArgs@1, org.springframework.boot.test.context.SpringBootTestWebEnvironment@40f1be1b], resourceBasePath = 'src/main/webapp', contextLoader = 'org.springframework.boot.test.context.SpringBootContextLoader', parent = [null]], attributes = map['org.springframework.test.context.web.ServletTestExecutionListener.activateListener' -> true, 'org.springframework.test.context.web.ServletTestExecutionListener.populatedRequestContextHolder' -> true, 'org.springframework.test.context.web.ServletTestExecutionListener.resetRequestContextHolder' -> true, 'org.springframework.test.context.event.ApplicationEventsTestExecutionListener.recordApplicationEvents' -> false]]; transaction manager [org.springframework.orm.jpa.JpaTransactionManager@2baa5ccd]; rollback [true]
Hibernate: select next_val as id_val from hibernate_sequence for update
Hibernate: update hibernate_sequence set next_val= ? where next_val=?
Hibernate: select next_val as id_val from hibernate_sequence for update
Hibernate: update hibernate_sequence set next_val= ? where next_val=?
Hibernate: select next_val as id_val from hibernate_sequence for update
Hibernate: update hibernate_sequence set next_val= ? where next_val=?
Hibernate: select next_val as id_val from hibernate_sequence for update
Hibernate: update hibernate_sequence set next_val= ? where next_val=?
Hibernate: select next_val as id_val from hibernate_sequence for update
Hibernate: update hibernate_sequence set next_val= ? where next_val=?
Hibernate: select next_val as id_val from hibernate_sequence for update
Hibernate: update hibernate_sequence set next_val= ? where next_val=?
Hibernate: select next_val as id_val from hibernate_sequence for update
Hibernate: update hibernate_sequence set next_val= ? where next_val=?
Hibernate: select next_val as id_val from hibernate_sequence for update
Hibernate: update hibernate_sequence set next_val= ? where next_val=?
Hibernate: select next_val as id_val from hibernate_sequence for update
Hibernate: update hibernate_sequence set next_val= ? where next_val=?
Hibernate: select next_val as id_val from hibernate_sequence for update
Hibernate: update hibernate_sequence set next_val= ? where next_val=?
Hibernate: select next_val as id_val from hibernate_sequence for update
Hibernate: update hibernate_sequence set next_val= ? where next_val=?
Hibernate: select next_val as id_val from hibernate_sequence for update
Hibernate: update hibernate_sequence set next_val= ? where next_val=?
Hibernate: select next_val as id_val from hibernate_sequence for update
Hibernate: update hibernate_sequence set next_val= ? where next_val=?
Hibernate: select next_val as id_val from hibernate_sequence for update
Hibernate: update hibernate_sequence set next_val= ? where next_val=?
Hibernate: select next_val as id_val from hibernate_sequence for update
Hibernate: update hibernate_sequence set next_val= ? where next_val=?
Hibernate: select next_val as id_val from hibernate_sequence for update
Hibernate: update hibernate_sequence set next_val= ? where next_val=?
Hibernate: select next_val as id_val from hibernate_sequence for update
Hibernate: update hibernate_sequence set next_val= ? where next_val=?
Hibernate: select next_val as id_val from hibernate_sequence for update
Hibernate: update hibernate_sequence set next_val= ? where next_val=?
Hibernate: select next_val as id_val from hibernate_sequence for update
Hibernate: update hibernate_sequence set next_val= ? where next_val=?
Hibernate: select next_val as id_val from hibernate_sequence for update
Hibernate: update hibernate_sequence set next_val= ? where next_val=?
Hibernate: select next_val as id_val from hibernate_sequence for update
Hibernate: update hibernate_sequence set next_val= ? where next_val=?
Hibernate: select next_val as id_val from hibernate_sequence for update
Hibernate: update hibernate_sequence set next_val= ? where next_val=?
Hibernate: select next_val as id_val from hibernate_sequence for update
Hibernate: update hibernate_sequence set next_val= ? where next_val=?
Hibernate: select next_val as id_val from hibernate_sequence for update
Hibernate: update hibernate_sequence set next_val= ? where next_val=?
Hibernate: select next_val as id_val from hibernate_sequence for update
Hibernate: update hibernate_sequence set next_val= ? where next_val=?
Hibernate: select next_val as id_val from hibernate_sequence for update
Hibernate: update hibernate_sequence set next_val= ? where next_val=?
Hibernate: select next_val as id_val from hibernate_sequence for update
Hibernate: update hibernate_sequence set next_val= ? where next_val=?
Hibernate: select next_val as id_val from hibernate_sequence for update
Hibernate: update hibernate_sequence set next_val= ? where next_val=?
Hibernate: select next_val as id_val from hibernate_sequence for update
Hibernate: update hibernate_sequence set next_val= ? where next_val=?
Hibernate: select next_val as id_val from hibernate_sequence for update
Hibernate: update hibernate_sequence set next_val= ? where next_val=?
Hibernate: insert into users (email, name, nickname, password, id) values (?, ?, ?, ?, ?)
Hibernate: insert into posts (content, title, user_id, id) values (?, ?, ?, ?)
Hibernate: insert into posts (content, title, user_id, id) values (?, ?, ?, ?)
Hibernate: insert into users (email, name, nickname, password, id) values (?, ?, ?, ?, ?)
Hibernate: insert into posts (content, title, user_id, id) values (?, ?, ?, ?)
Hibernate: insert into posts (content, title, user_id, id) values (?, ?, ?, ?)
Hibernate: insert into users (email, name, nickname, password, id) values (?, ?, ?, ?, ?)
Hibernate: insert into posts (content, title, user_id, id) values (?, ?, ?, ?)
Hibernate: insert into posts (content, title, user_id, id) values (?, ?, ?, ?)
Hibernate: insert into users (email, name, nickname, password, id) values (?, ?, ?, ?, ?)
Hibernate: insert into posts (content, title, user_id, id) values (?, ?, ?, ?)
Hibernate: insert into posts (content, title, user_id, id) values (?, ?, ?, ?)
Hibernate: insert into users (email, name, nickname, password, id) values (?, ?, ?, ?, ?)
Hibernate: insert into posts (content, title, user_id, id) values (?, ?, ?, ?)
Hibernate: insert into posts (content, title, user_id, id) values (?, ?, ?, ?)
Hibernate: insert into users (email, name, nickname, password, id) values (?, ?, ?, ?, ?)
Hibernate: insert into posts (content, title, user_id, id) values (?, ?, ?, ?)
Hibernate: insert into posts (content, title, user_id, id) values (?, ?, ?, ?)
Hibernate: insert into users (email, name, nickname, password, id) values (?, ?, ?, ?, ?)
Hibernate: insert into posts (content, title, user_id, id) values (?, ?, ?, ?)
Hibernate: insert into posts (content, title, user_id, id) values (?, ?, ?, ?)
Hibernate: insert into users (email, name, nickname, password, id) values (?, ?, ?, ?, ?)
Hibernate: insert into posts (content, title, user_id, id) values (?, ?, ?, ?)
Hibernate: insert into posts (content, title, user_id, id) values (?, ?, ?, ?)
Hibernate: insert into users (email, name, nickname, password, id) values (?, ?, ?, ?, ?)
Hibernate: insert into posts (content, title, user_id, id) values (?, ?, ?, ?)
Hibernate: insert into posts (content, title, user_id, id) values (?, ?, ?, ?)
Hibernate: insert into users (email, name, nickname, password, id) values (?, ?, ?, ?, ?)
Hibernate: insert into posts (content, title, user_id, id) values (?, ?, ?, ?)
Hibernate: insert into posts (content, title, user_id, id) values (?, ?, ?, ?)
------------ 영속성 컨텍스트 비우기 -----------

------------ USER 전체 조회 요청 ------------
Hibernate: select userjpaent0_.id as id1_2_, userjpaent0_.email as email2_2_, userjpaent0_.name as name3_2_, userjpaent0_.nickname as nickname4_2_, userjpaent0_.password as password5_2_ from users userjpaent0_
Hibernate: select commentjpa0_.user_id as user_id3_0_0_, commentjpa0_.id as id1_0_0_, commentjpa0_.id as id1_0_1_, commentjpa0_.text as text2_0_1_, commentjpa0_.user_id as user_id3_0_1_ from comments commentjpa0_ where commentjpa0_.user_id=?
Hibernate: select commentjpa0_.user_id as user_id3_0_0_, commentjpa0_.id as id1_0_0_, commentjpa0_.id as id1_0_1_, commentjpa0_.text as text2_0_1_, commentjpa0_.user_id as user_id3_0_1_ from comments commentjpa0_ where commentjpa0_.user_id=?
Hibernate: select commentjpa0_.user_id as user_id3_0_0_, commentjpa0_.id as id1_0_0_, commentjpa0_.id as id1_0_1_, commentjpa0_.text as text2_0_1_, commentjpa0_.user_id as user_id3_0_1_ from comments commentjpa0_ where commentjpa0_.user_id=?
Hibernate: select commentjpa0_.user_id as user_id3_0_0_, commentjpa0_.id as id1_0_0_, commentjpa0_.id as id1_0_1_, commentjpa0_.text as text2_0_1_, commentjpa0_.user_id as user_id3_0_1_ from comments commentjpa0_ where commentjpa0_.user_id=?
Hibernate: select commentjpa0_.user_id as user_id3_0_0_, commentjpa0_.id as id1_0_0_, commentjpa0_.id as id1_0_1_, commentjpa0_.text as text2_0_1_, commentjpa0_.user_id as user_id3_0_1_ from comments commentjpa0_ where commentjpa0_.user_id=?
Hibernate: select commentjpa0_.user_id as user_id3_0_0_, commentjpa0_.id as id1_0_0_, commentjpa0_.id as id1_0_1_, commentjpa0_.text as text2_0_1_, commentjpa0_.user_id as user_id3_0_1_ from comments commentjpa0_ where commentjpa0_.user_id=?
Hibernate: select commentjpa0_.user_id as user_id3_0_0_, commentjpa0_.id as id1_0_0_, commentjpa0_.id as id1_0_1_, commentjpa0_.text as text2_0_1_, commentjpa0_.user_id as user_id3_0_1_ from comments commentjpa0_ where commentjpa0_.user_id=?
Hibernate: select commentjpa0_.user_id as user_id3_0_0_, commentjpa0_.id as id1_0_0_, commentjpa0_.id as id1_0_1_, commentjpa0_.text as text2_0_1_, commentjpa0_.user_id as user_id3_0_1_ from comments commentjpa0_ where commentjpa0_.user_id=?
Hibernate: select commentjpa0_.user_id as user_id3_0_0_, commentjpa0_.id as id1_0_0_, commentjpa0_.id as id1_0_1_, commentjpa0_.text as text2_0_1_, commentjpa0_.user_id as user_id3_0_1_ from comments commentjpa0_ where commentjpa0_.user_id=?
Hibernate: select commentjpa0_.user_id as user_id3_0_0_, commentjpa0_.id as id1_0_0_, commentjpa0_.id as id1_0_1_, commentjpa0_.text as text2_0_1_, commentjpa0_.user_id as user_id3_0_1_ from comments commentjpa0_ where commentjpa0_.user_id=?
------------ USER 전체 조회 완료. [1번의 쿼리 발생]------------

------------ USER ID 조회 요청 ------------
USER ID: 1
USER ID: 4
USER ID: 7
USER ID: 10
USER ID: 13
USER ID: 16
USER ID: 19
USER ID: 22
USER ID: 25
USER ID: 28
------------ USER ID 조회 완료. [추가적인 쿼리 발생하지 않음]------------

------------ USER와 연관관계인 POST 내용 조회 요청 ------------
Hibernate: select postjpaent0_.user_id as user_id4_1_0_, postjpaent0_.id as id1_1_0_, postjpaent0_.id as id1_1_1_, postjpaent0_.content as content2_1_1_, postjpaent0_.title as title3_1_1_, postjpaent0_.user_id as user_id4_1_1_ from posts postjpaent0_ where postjpaent0_.user_id=?
USER IN POST ID: 2
Hibernate: select postjpaent0_.user_id as user_id4_1_0_, postjpaent0_.id as id1_1_0_, postjpaent0_.id as id1_1_1_, postjpaent0_.content as content2_1_1_, postjpaent0_.title as title3_1_1_, postjpaent0_.user_id as user_id4_1_1_ from posts postjpaent0_ where postjpaent0_.user_id=?
USER IN POST ID: 5
Hibernate: select postjpaent0_.user_id as user_id4_1_0_, postjpaent0_.id as id1_1_0_, postjpaent0_.id as id1_1_1_, postjpaent0_.content as content2_1_1_, postjpaent0_.title as title3_1_1_, postjpaent0_.user_id as user_id4_1_1_ from posts postjpaent0_ where postjpaent0_.user_id=?
USER IN POST ID: 8
Hibernate: select postjpaent0_.user_id as user_id4_1_0_, postjpaent0_.id as id1_1_0_, postjpaent0_.id as id1_1_1_, postjpaent0_.content as content2_1_1_, postjpaent0_.title as title3_1_1_, postjpaent0_.user_id as user_id4_1_1_ from posts postjpaent0_ where postjpaent0_.user_id=?
USER IN POST ID: 11
Hibernate: select postjpaent0_.user_id as user_id4_1_0_, postjpaent0_.id as id1_1_0_, postjpaent0_.id as id1_1_1_, postjpaent0_.content as content2_1_1_, postjpaent0_.title as title3_1_1_, postjpaent0_.user_id as user_id4_1_1_ from posts postjpaent0_ where postjpaent0_.user_id=?
USER IN POST ID: 14
Hibernate: select postjpaent0_.user_id as user_id4_1_0_, postjpaent0_.id as id1_1_0_, postjpaent0_.id as id1_1_1_, postjpaent0_.content as content2_1_1_, postjpaent0_.title as title3_1_1_, postjpaent0_.user_id as user_id4_1_1_ from posts postjpaent0_ where postjpaent0_.user_id=?
USER IN POST ID: 17
Hibernate: select postjpaent0_.user_id as user_id4_1_0_, postjpaent0_.id as id1_1_0_, postjpaent0_.id as id1_1_1_, postjpaent0_.content as content2_1_1_, postjpaent0_.title as title3_1_1_, postjpaent0_.user_id as user_id4_1_1_ from posts postjpaent0_ where postjpaent0_.user_id=?
USER IN POST ID: 20
Hibernate: select postjpaent0_.user_id as user_id4_1_0_, postjpaent0_.id as id1_1_0_, postjpaent0_.id as id1_1_1_, postjpaent0_.content as content2_1_1_, postjpaent0_.title as title3_1_1_, postjpaent0_.user_id as user_id4_1_1_ from posts postjpaent0_ where postjpaent0_.user_id=?
USER IN POST ID: 23
Hibernate: select postjpaent0_.user_id as user_id4_1_0_, postjpaent0_.id as id1_1_0_, postjpaent0_.id as id1_1_1_, postjpaent0_.content as content2_1_1_, postjpaent0_.title as title3_1_1_, postjpaent0_.user_id as user_id4_1_1_ from posts postjpaent0_ where postjpaent0_.user_id=?
USER IN POST ID: 26
Hibernate: select postjpaent0_.user_id as user_id4_1_0_, postjpaent0_.id as id1_1_0_, postjpaent0_.id as id1_1_1_, postjpaent0_.content as content2_1_1_, postjpaent0_.title as title3_1_1_, postjpaent0_.user_id as user_id4_1_1_ from posts postjpaent0_ where postjpaent0_.user_id=?
USER IN POST ID: 29
------------ USER와 연관관계인 POST 내용 조회 완료  [조회된 POST의 개수(N=10) 만큼 추가적인 쿼리 발생] ------------

2023-12-05 22:46:17.975  INFO 75033 --- [    Test worker] o.s.t.c.transaction.TransactionContext   : Rolled back transaction for test: [DefaultTestContext@56e9a474 testClass = JPA_OneToMany_Lazy_Loading_Test1, testInstance = com.example.demo.JPA_OneToMany_Lazy_Loading_Test1@c20fbe0, testMethod = JPA_OneToMany_Lazy_Loading_Test1@JPA_OneToMany_Lazy_Loading_Test1, testException = [null], mergedContextConfiguration = [WebMergedContextConfiguration@45b15381 testClass = JPA_OneToMany_Lazy_Loading_Test1, locations = '{}', classes = '{class com.example.demo.DemoApplication}', contextInitializerClasses = '[]', activeProfiles = '{}', propertySourceLocations = '{}', propertySourceProperties = '{org.springframework.boot.test.context.SpringBootTestContextBootstrapper=true}', contextCustomizers = set[org.springframework.boot.test.autoconfigure.actuate.metrics.MetricsExportContextCustomizerFactory$DisableMetricExportContextCustomizer@f4c0e4e, org.springframework.boot.test.autoconfigure.properties.PropertyMappingContextCustomizer@0, org.springframework.boot.test.autoconfigure.web.servlet.WebDriverContextCustomizerFactory$Customizer@58e92c23, org.springframework.boot.test.context.filter.ExcludeFilterContextCustomizer@5782d777, org.springframework.boot.test.json.DuplicateJsonObjectContextCustomizerFactory$DuplicateJsonObjectContextCustomizer@50acf55d, org.springframework.boot.test.mock.mockito.MockitoContextCustomizer@0, org.springframework.boot.test.web.client.TestRestTemplateContextCustomizer@5b498842, org.springframework.boot.test.context.SpringBootTestArgs@1, org.springframework.boot.test.context.SpringBootTestWebEnvironment@40f1be1b], resourceBasePath = 'src/main/webapp', contextLoader = 'org.springframework.boot.test.context.SpringBootContextLoader', parent = [null]], attributes = map['org.springframework.test.context.web.ServletTestExecutionListener.activateListener' -> true, 'org.springframework.test.context.web.ServletTestExecutionListener.populatedRequestContextHolder' -> true, 'org.springframework.test.context.web.ServletTestExecutionListener.resetRequestContextHolder' -> true, 'org.springframework.test.context.event.ApplicationEventsTestExecutionListener.recordApplicationEvents' -> false]]
]]></system-out>
  <system-err><![CDATA[]]></system-err>
</testsuite>
